Start testing: Jun 30 14:35 JST
----------------------------------------------------------
1/3 Testing: test_run
1/3 Test: test_run
Command: "/mnt/c/Users/sinnh/Dropbox/Fastq2Sam/build/fastq2sam" "-1" "/mnt/c/Users/sinnh/Dropbox/Fastq2Sam/test/1.fq" "-2" "/mnt/c/Users/sinnh/Dropbox/Fastq2Sam/test/2.fq" "-o" "test.sam" "-b" "2" "-n" "sample1" "--no-pg"
Directory: /mnt/c/Users/sinnh/Dropbox/Fastq2Sam/build
"test_run" start time: Jun 30 14:35 JST
Output:
----------------------------------------------------------
Scanning the first fastq
The estimated ID format is the previous format used before CASAVA-1.8
Scanned 3 records
Found 2 read group IDs: [H0164ALXX140820.2,H0164ALXX140820.3]
Found 1 types of the read length: [151]
Writing the sam/bam file
Done. Processed 3 record pairs and skipped 0 pairs
<end of output>
Test time =   0.14 sec
----------------------------------------------------------
Test Passed.
"test_run" end time: Jun 30 14:35 JST
"test_run" time elapsed: 00:00:00
----------------------------------------------------------

2/3 Testing: diff_after_test_run
2/3 Test: diff_after_test_run
Command: "/usr/bin/diff" "-q" "test.sam" "/mnt/c/Users/sinnh/Dropbox/Fastq2Sam/test/out.noPG.sam"
Directory: /mnt/c/Users/sinnh/Dropbox/Fastq2Sam/build
"diff_after_test_run" start time: Jun 30 14:35 JST
Output:
----------------------------------------------------------
<end of output>
Test time =   0.01 sec
----------------------------------------------------------
Test Passed.
"diff_after_test_run" end time: Jun 30 14:35 JST
"diff_after_test_run" time elapsed: 00:00:00
----------------------------------------------------------

3/3 Testing: clean
3/3 Test: clean
Command: "/usr/bin/rm" "-f" "test.sam"
Directory: /mnt/c/Users/sinnh/Dropbox/Fastq2Sam/build
"clean" start time: Jun 30 14:35 JST
Output:
----------------------------------------------------------
<end of output>
Test time =   0.01 sec
----------------------------------------------------------
Test Passed.
"clean" end time: Jun 30 14:35 JST
"clean" time elapsed: 00:00:00
----------------------------------------------------------

End testing: Jun 30 14:35 JST
